[0.008s] Invoking command in '/home/salinee/salinee_ws/build/rbot250': CMAKE_PREFIX_PATH=/opt/ros/rolling /usr/bin/cmake --build /home/salinee/salinee_ws/build/rbot250 -- -j1 -l1
[0.063s] [  0%] Built target ament_cmake_python_symlink_rbot250
[0.259s] running egg_info
[0.260s] writing rbot250.egg-info/PKG-INFO
[0.261s] writing dependency_links to rbot250.egg-info/dependency_links.txt
[0.261s] writing top-level names to rbot250.egg-info/top_level.txt
[0.288s] reading manifest file 'rbot250.egg-info/SOURCES.txt'
[0.288s] writing manifest file 'rbot250.egg-info/SOURCES.txt'
[0.309s] [  0%] Built target ament_cmake_python_build_rbot250_egg
[0.320s] [35m[1mScanning dependencies of target cpp_node[0m
[0.342s] [ 50%] [32mBuilding CXX object CMakeFiles/cpp_node.dir/src/cpp_node.cpp.o[0m
[2.256s] In file included from [01m[K/opt/ros/rolling/include/rclcpp/client.hpp:43[m[K,
[2.256s]                  from [01m[K/opt/ros/rolling/include/rclcpp/callback_group.hpp:23[m[K,
[2.256s]                  from [01m[K/opt/ros/rolling/include/rclcpp/any_executable.hpp:20[m[K,
[2.256s]                  from [01m[K/opt/ros/rolling/include/rclcpp/memory_strategy.hpp:25[m[K,
[2.256s]                  from [01m[K/opt/ros/rolling/include/rclcpp/memory_strategies.hpp:18[m[K,
[2.257s]                  from [01m[K/opt/ros/rolling/include/rclcpp/executor_options.hpp:20[m[K,
[2.257s]                  from [01m[K/opt/ros/rolling/include/rclcpp/executor.hpp:37[m[K,
[2.257s]                  from [01m[K/opt/ros/rolling/include/rclcpp/executors/multi_threaded_executor.hpp:25[m[K,
[2.257s]                  from [01m[K/opt/ros/rolling/include/rclcpp/executors.hpp:21[m[K,
[2.257s]                  from [01m[K/opt/ros/rolling/include/rclcpp/rclcpp.hpp:155[m[K,
[2.257s]                  from [01m[K/home/salinee/salinee_ws/src/rbot250/src/cpp_node.cpp:7[m[K:
[2.257s] [01m[K/home/salinee/salinee_ws/src/rbot250/src/cpp_node.cpp:[m[K In member function â€˜[01m[Kvoid MinimalPublisher::timer_callback()[m[Kâ€™:
[2.257s] [01m[K/home/salinee/salinee_ws/src/rbot250/src/cpp_node.cpp:51:184:[m[K [01;31m[Kerror: [m[Kâ€˜[01m[Kusing _header_type = struct std_msgs::msg::Header_<std::allocator<void> >[m[Kâ€™ {aka â€˜[01m[Kstruct std_msgs::msg::Header_<std::allocator<void> >[m[Kâ€™} has no member named â€˜[01m[Kchild_frame_id[m[Kâ€™
[2.257s]    51 | sformStamped msg: \n Header: \n frame_id: '%s' \n child_frame_id: '%s' \n", message.header.frame_id.c_str(), message.header.[01;31m[Kchild_frame_id[m[K.c_str());
[2.257s]       |                                                                                                                             [01;31m[K^~~~~~~~~~~~~~[m[K
[2.257s] 
[2.874s] make[2]: *** [CMakeFiles/cpp_node.dir/build.make:63: CMakeFiles/cpp_node.dir/src/cpp_node.cpp.o] Error 1
[2.878s] make[1]: *** [CMakeFiles/Makefile2:135: CMakeFiles/cpp_node.dir/all] Error 2
[2.878s] make: *** [Makefile:141: all] Error 2
[2.878s] Invoked command in '/home/salinee/salinee_ws/build/rbot250' returned '2': CMAKE_PREFIX_PATH=/opt/ros/rolling /usr/bin/cmake --build /home/salinee/salinee_ws/build/rbot250 -- -j1 -l1
