[  0%] Built target ament_cmake_python_symlink_rbot250
running egg_info
writing rbot250.egg-info/PKG-INFO
writing dependency_links to rbot250.egg-info/dependency_links.txt
writing top-level names to rbot250.egg-info/top_level.txt
reading manifest file 'rbot250.egg-info/SOURCES.txt'
writing manifest file 'rbot250.egg-info/SOURCES.txt'
[  0%] Built target ament_cmake_python_build_rbot250_egg
[35m[1mScanning dependencies of target cpp_node[0m
[ 50%] [32mBuilding CXX object CMakeFiles/cpp_node.dir/src/cpp_node.cpp.o[0m
[01m[K/home/salinee/salinee_ws/src/rbot250/src/cpp_node.cpp:38:68:[m[K [01;31m[Kerror: [m[Kmacro "RCLCPP_INFO_STREAM" passed 3 arguments, but takes just 2
   38 |     RCLCPP_INFO_STREAM(this->get_logger(), "Publishing:  ", message[01;31m[K)[m[K;
      |                                                                    [01;31m[K^[m[K
In file included from [01m[K/opt/ros/rolling/include/rclcpp/service.hpp:34[m[K,
                 from [01m[K/opt/ros/rolling/include/rclcpp/callback_group.hpp:25[m[K,
                 from [01m[K/opt/ros/rolling/include/rclcpp/any_executable.hpp:20[m[K,
                 from [01m[K/opt/ros/rolling/include/rclcpp/memory_strategy.hpp:25[m[K,
                 from [01m[K/opt/ros/rolling/include/rclcpp/memory_strategies.hpp:18[m[K,
                 from [01m[K/opt/ros/rolling/include/rclcpp/executor_options.hpp:20[m[K,
                 from [01m[K/opt/ros/rolling/include/rclcpp/executor.hpp:37[m[K,
                 from [01m[K/opt/ros/rolling/include/rclcpp/executors/multi_threaded_executor.hpp:25[m[K,
                 from [01m[K/opt/ros/rolling/include/rclcpp/executors.hpp:21[m[K,
                 from [01m[K/opt/ros/rolling/include/rclcpp/rclcpp.hpp:155[m[K,
                 from [01m[K/home/salinee/salinee_ws/src/rbot250/src/cpp_node.cpp:6[m[K:
[01m[K/opt/ros/rolling/include/rclcpp/logging.hpp:722:[m[K [01;36m[Knote: [m[Kmacro "RCLCPP_INFO_STREAM" defined here
  722 | #define RCLCPP_INFO_STREAM(logger, stream_arg) \
      | 
[01m[K/home/salinee/salinee_ws/src/rbot250/src/cpp_node.cpp:[m[K In member function â€˜[01m[Kvoid MinimalPublisher::timer_callback()[m[Kâ€™:
[01m[K/home/salinee/salinee_ws/src/rbot250/src/cpp_node.cpp:38:5:[m[K [01;31m[Kerror: [m[Kâ€˜[01m[KRCLCPP_INFO_STREAM[m[Kâ€™ was not declared in this scope
   38 |     [01;31m[KRCLCPP_INFO_STREAM[m[K(this->get_logger(), "Publishing:  ", message);
      |     [01;31m[K^~~~~~~~~~~~~~~~~~[m[K
make[2]: *** [CMakeFiles/cpp_node.dir/build.make:63: CMakeFiles/cpp_node.dir/src/cpp_node.cpp.o] Error 1
make[1]: *** [CMakeFiles/Makefile2:135: CMakeFiles/cpp_node.dir/all] Error 2
make: *** [Makefile:141: all] Error 2
