[0.009s] Invoking command in '/home/salinee/salinee_ws/build/rbot250': CMAKE_PREFIX_PATH=/opt/ros/rolling /usr/bin/cmake --build /home/salinee/salinee_ws/build/rbot250 -- -j1 -l1
[0.083s] [  0%] Built target ament_cmake_python_symlink_rbot250
[0.287s] running egg_info
[0.287s] writing rbot250.egg-info/PKG-INFO
[0.289s] writing dependency_links to rbot250.egg-info/dependency_links.txt
[0.290s] writing top-level names to rbot250.egg-info/top_level.txt
[0.314s] reading manifest file 'rbot250.egg-info/SOURCES.txt'
[0.315s] writing manifest file 'rbot250.egg-info/SOURCES.txt'
[0.335s] [  0%] Built target ament_cmake_python_build_rbot250_egg
[0.348s] [35m[1mScanning dependencies of target cpp_node[0m
[0.369s] [ 50%] [32mBuilding CXX object CMakeFiles/cpp_node.dir/src/cpp_node.cpp.o[0m
[2.258s] [01m[K/home/salinee/salinee_ws/src/rbot250/src/cpp_node.cpp:[m[K In member function â€˜[01m[Kvoid MinimalPublisher::timer_callback()[m[Kâ€™:
[2.258s] [01m[K/home/salinee/salinee_ws/src/rbot250/src/cpp_node.cpp:41:2:[m[K [01;31m[Kerror: [m[Kâ€˜[01m[Kt[m[Kâ€™ was not declared in this scope; did you mean â€˜[01m[Ktm[m[Kâ€™?
[2.258s]    41 |  [01;31m[Kt[m[K.transform.translation.x = atof(1.57);
[2.259s]       |  [01;31m[K^[m[K
[2.259s]       |  [32m[Ktm[m[K
[2.259s] [01m[K/home/salinee/salinee_ws/src/rbot250/src/cpp_node.cpp:41:35:[m[K [01;31m[Kerror: [m[Kcannot convert â€˜[01m[Kdouble[m[Kâ€™ to â€˜[01m[Kconst char*[m[Kâ€™
[2.259s]    41 |  t.transform.translation.x = atof([01;31m[K1.57[m[K);
[2.259s]       |                                   [01;31m[K^~~~[m[K
[2.259s]       |                                   [01;31m[K|[m[K
[2.259s]       |                                   [01;31m[Kdouble[m[K
[2.259s] In file included from [01m[K/usr/include/c++/9/cstdlib:75[m[K,
[2.259s]                  from [01m[K/usr/include/c++/9/ext/string_conversions.h:41[m[K,
[2.259s]                  from [01m[K/usr/include/c++/9/bits/basic_string.h:6493[m[K,
[2.259s]                  from [01m[K/usr/include/c++/9/string:55[m[K,
[2.260s]                  from [01m[K/usr/include/c++/9/stdexcept:39[m[K,
[2.260s]                  from [01m[K/usr/include/c++/9/array:39[m[K,
[2.260s]                  from [01m[K/usr/include/c++/9/tuple:39[m[K,
[2.260s]                  from [01m[K/usr/include/c++/9/functional:54[m[K,
[2.260s]                  from [01m[K/home/salinee/salinee_ws/src/rbot250/src/cpp_node.cpp:2[m[K:
[2.260s] [01m[K/usr/include/stdlib.h:101:33:[m[K [01;36m[Knote: [m[K  initializing argument 1 of â€˜[01m[Kdouble atof(const char*)[m[Kâ€™
[2.260s]   101 | extern double atof ([01;36m[Kconst char *__nptr[m[K)
[2.260s]       |                     [01;36m[K~~~~~~~~~~~~^~~~~~[m[K
[2.260s] [01m[K/home/salinee/salinee_ws/src/rbot250/src/cpp_node.cpp:42:38:[m[K [01;31m[Kerror: [m[Kcannot convert â€˜[01m[Kdouble[m[Kâ€™ to â€˜[01m[Kconst char*[m[Kâ€™
[2.260s]    42 |     t.transform.translation.y = atof([01;31m[K3.142[m[K);
[2.260s]       |                                      [01;31m[K^~~~~[m[K
[2.260s]       |                                      [01;31m[K|[m[K
[2.261s]       |                                      [01;31m[Kdouble[m[K
[2.261s] In file included from [01m[K/usr/include/c++/9/cstdlib:75[m[K,
[2.261s]                  from [01m[K/usr/include/c++/9/ext/string_conversions.h:41[m[K,
[2.261s]                  from [01m[K/usr/include/c++/9/bits/basic_string.h:6493[m[K,
[2.261s]                  from [01m[K/usr/include/c++/9/string:55[m[K,
[2.261s]                  from [01m[K/usr/include/c++/9/stdexcept:39[m[K,
[2.261s]                  from [01m[K/usr/include/c++/9/array:39[m[K,
[2.261s]                  from [01m[K/usr/include/c++/9/tuple:39[m[K,
[2.261s]                  from [01m[K/usr/include/c++/9/functional:54[m[K,
[2.261s]                  from [01m[K/home/salinee/salinee_ws/src/rbot250/src/cpp_node.cpp:2[m[K:
[2.261s] [01m[K/usr/include/stdlib.h:101:33:[m[K [01;36m[Knote: [m[K  initializing argument 1 of â€˜[01m[Kdouble atof(const char*)[m[Kâ€™
[2.261s]   101 | extern double atof ([01;36m[Kconst char *__nptr[m[K)
[2.262s]       |                     [01;36m[K~~~~~~~~~~~~^~~~~~[m[K
[2.262s] [01m[K/home/salinee/salinee_ws/src/rbot250/src/cpp_node.cpp:43:47:[m[K [01;31m[Kerror: [m[Kcannot convert â€˜[01m[Kdouble[m[Kâ€™ to â€˜[01m[Kconst char*[m[Kâ€™
[2.262s]    43 |     t.transform.translation.z = atof([01;31m[K-2 * M_PI/3[m[K);
[2.262s]       |                                      [01;31m[K~~~~~~~~~^~[m[K
[2.262s]       |                                               [01;31m[K|[m[K
[2.262s]       |                                               [01;31m[Kdouble[m[K
[2.262s] In file included from [01m[K/usr/include/c++/9/cstdlib:75[m[K,
[2.262s]                  from [01m[K/usr/include/c++/9/ext/string_conversions.h:41[m[K,
[2.262s]                  from [01m[K/usr/include/c++/9/bits/basic_string.h:6493[m[K,
[2.262s]                  from [01m[K/usr/include/c++/9/string:55[m[K,
[2.262s]                  from [01m[K/usr/include/c++/9/stdexcept:39[m[K,
[2.263s]                  from [01m[K/usr/include/c++/9/array:39[m[K,
[2.263s]                  from [01m[K/usr/include/c++/9/tuple:39[m[K,
[2.263s]                  from [01m[K/usr/include/c++/9/functional:54[m[K,
[2.263s]                  from [01m[K/home/salinee/salinee_ws/src/rbot250/src/cpp_node.cpp:2[m[K:
[2.263s] [01m[K/usr/include/stdlib.h:101:33:[m[K [01;36m[Knote: [m[K  initializing argument 1 of â€˜[01m[Kdouble atof(const char*)[m[Kâ€™
[2.263s]   101 | extern double atof ([01;36m[Kconst char *__nptr[m[K)
[2.263s]       |                     [01;36m[K~~~~~~~~~~~~^~~~~~[m[K
[2.263s] [01m[K/home/salinee/salinee_ws/src/rbot250/src/cpp_node.cpp:46:12:[m[K [01;31m[Kerror: [m[Kcannot convert â€˜[01m[Kdouble[m[Kâ€™ to â€˜[01m[Kconst char*[m[Kâ€™
[2.264s]    46 |       atof([01;31m[K.123[m[K),
[2.264s]       |            [01;31m[K^~~~[m[K
[2.264s]       |            [01;31m[K|[m[K
[2.264s]       |            [01;31m[Kdouble[m[K
[2.264s] In file included from [01m[K/usr/include/c++/9/cstdlib:75[m[K,
[2.264s]                  from [01m[K/usr/include/c++/9/ext/string_conversions.h:41[m[K,
[2.264s]                  from [01m[K/usr/include/c++/9/bits/basic_string.h:6493[m[K,
[2.264s]                  from [01m[K/usr/include/c++/9/string:55[m[K,
[2.264s]                  from [01m[K/usr/include/c++/9/stdexcept:39[m[K,
[2.264s]                  from [01m[K/usr/include/c++/9/array:39[m[K,
[2.264s]                  from [01m[K/usr/include/c++/9/tuple:39[m[K,
[2.264s]                  from [01m[K/usr/include/c++/9/functional:54[m[K,
[2.264s]                  from [01m[K/home/salinee/salinee_ws/src/rbot250/src/cpp_node.cpp:2[m[K:
[2.264s] [01m[K/usr/include/stdlib.h:101:33:[m[K [01;36m[Knote: [m[K  initializing argument 1 of â€˜[01m[Kdouble atof(const char*)[m[Kâ€™
[2.264s]   101 | extern double atof ([01;36m[Kconst char *__nptr[m[K)
[2.264s]       |                     [01;36m[K~~~~~~~~~~~~^~~~~~[m[K
[2.264s] [01m[K/home/salinee/salinee_ws/src/rbot250/src/cpp_node.cpp:47:12:[m[K [01;31m[Kerror: [m[Kcannot convert â€˜[01m[Kdouble[m[Kâ€™ to â€˜[01m[Kconst char*[m[Kâ€™
[2.266s]    47 |       atof([01;31m[K1.57[m[K),
[2.266s]       |            [01;31m[K^~~~[m[K
[2.266s]       |            [01;31m[K|[m[K
[2.266s]       |            [01;31m[Kdouble[m[K
[2.266s] In file included from [01m[K/usr/include/c++/9/cstdlib:75[m[K,
[2.266s]                  from [01m[K/usr/include/c++/9/ext/string_conversions.h:41[m[K,
[2.266s]                  from [01m[K/usr/include/c++/9/bits/basic_string.h:6493[m[K,
[2.266s]                  from [01m[K/usr/include/c++/9/string:55[m[K,
[2.266s]                  from [01m[K/usr/include/c++/9/stdexcept:39[m[K,
[2.266s]                  from [01m[K/usr/include/c++/9/array:39[m[K,
[2.266s]                  from [01m[K/usr/include/c++/9/tuple:39[m[K,
[2.267s]                  from [01m[K/usr/include/c++/9/functional:54[m[K,
[2.267s]                  from [01m[K/home/salinee/salinee_ws/src/rbot250/src/cpp_node.cpp:2[m[K:
[2.267s] [01m[K/usr/include/stdlib.h:101:33:[m[K [01;36m[Knote: [m[K  initializing argument 1 of â€˜[01m[Kdouble atof(const char*)[m[Kâ€™
[2.267s]   101 | extern double atof ([01;36m[Kconst char *__nptr[m[K)
[2.267s]       |                     [01;36m[K~~~~~~~~~~~~^~~~~~[m[K
[2.267s] [01m[K/home/salinee/salinee_ws/src/rbot250/src/cpp_node.cpp:48:12:[m[K [01;31m[Kerror: [m[Kcannot convert â€˜[01m[Kdouble[m[Kâ€™ to â€˜[01m[Kconst char*[m[Kâ€™
[2.267s]    48 |       atof([01;31m[K1.23[m[K));
[2.267s]       |            [01;31m[K^~~~[m[K
[2.267s]       |            [01;31m[K|[m[K
[2.267s]       |            [01;31m[Kdouble[m[K
[2.267s] In file included from [01m[K/usr/include/c++/9/cstdlib:75[m[K,
[2.267s]                  from [01m[K/usr/include/c++/9/ext/string_conversions.h:41[m[K,
[2.267s]                  from [01m[K/usr/include/c++/9/bits/basic_string.h:6493[m[K,
[2.267s]                  from [01m[K/usr/include/c++/9/string:55[m[K,
[2.267s]                  from [01m[K/usr/include/c++/9/stdexcept:39[m[K,
[2.267s]                  from [01m[K/usr/include/c++/9/array:39[m[K,
[2.267s]                  from [01m[K/usr/include/c++/9/tuple:39[m[K,
[2.267s]                  from [01m[K/usr/include/c++/9/functional:54[m[K,
[2.267s]                  from [01m[K/home/salinee/salinee_ws/src/rbot250/src/cpp_node.cpp:2[m[K:
[2.267s] [01m[K/usr/include/stdlib.h:101:33:[m[K [01;36m[Knote: [m[K  initializing argument 1 of â€˜[01m[Kdouble atof(const char*)[m[Kâ€™
[2.267s]   101 | extern double atof ([01;36m[Kconst char *__nptr[m[K)
[2.267s]       |                     [01;36m[K~~~~~~~~~~~~^~~~~~[m[K
[2.886s] make[2]: *** [CMakeFiles/cpp_node.dir/build.make:63: CMakeFiles/cpp_node.dir/src/cpp_node.cpp.o] Error 1
[2.890s] make[1]: *** [CMakeFiles/Makefile2:135: CMakeFiles/cpp_node.dir/all] Error 2
[2.890s] make: *** [Makefile:141: all] Error 2
[2.890s] Invoked command in '/home/salinee/salinee_ws/build/rbot250' returned '2': CMAKE_PREFIX_PATH=/opt/ros/rolling /usr/bin/cmake --build /home/salinee/salinee_ws/build/rbot250 -- -j1 -l1
