[01m[K/home/salinee/salinee_ws/src/rbot250/src/cpp_node.cpp:36:28:[m[K [01;35m[Kwarning: [m[Kmulti-character character constant [[01;35m[K-Wmultichar[m[K]
   36 |  message.header.frame_id = [01;35m[K'base'[m[K
      |                            [01;35m[K^~~~~~[m[K
[01m[K/home/salinee/salinee_ws/src/rbot250/src/cpp_node.cpp:[m[K In member function â€˜[01m[Kvoid MinimalPublisher::timer_callback()[m[Kâ€™:
[01m[K/home/salinee/salinee_ws/src/rbot250/src/cpp_node.cpp:36:28:[m[K [01;35m[Kwarning: [m[Koverflow in conversion from â€˜[01m[Kint[m[Kâ€™ to â€˜[01m[Kchar[m[Kâ€™ changes value from â€˜[01m[K1650553701[m[Kâ€™ to â€˜[01m[K'e'[m[Kâ€™ [[01;35m[K-Woverflow[m[K]
[01m[K/home/salinee/salinee_ws/src/rbot250/src/cpp_node.cpp:36:34:[m[K [01;31m[Kerror: [m[Kexpected â€˜[01m[K;[m[Kâ€™ before â€˜[01m[Kdo[m[Kâ€™
   36 |  message.header.frame_id = 'base'
      |                                  [01;31m[K^[m[K
      |                                  [32m[K;[m[K
make[2]: *** [CMakeFiles/cpp_node.dir/build.make:63: CMakeFiles/cpp_node.dir/src/cpp_node.cpp.o] Error 1
make[1]: *** [CMakeFiles/Makefile2:135: CMakeFiles/cpp_node.dir/all] Error 2
make: *** [Makefile:141: all] Error 2
