[0.007s] Invoking command in '/home/salinee/salinee_ws/build/rbot250': CMAKE_PREFIX_PATH=/opt/ros/rolling /usr/bin/cmake --build /home/salinee/salinee_ws/build/rbot250 -- -j1 -l1
[0.075s] [  0%] Built target ament_cmake_python_symlink_rbot250
[0.265s] running egg_info
[0.266s] writing rbot250.egg-info/PKG-INFO
[0.266s] writing dependency_links to rbot250.egg-info/dependency_links.txt
[0.267s] writing top-level names to rbot250.egg-info/top_level.txt
[0.292s] reading manifest file 'rbot250.egg-info/SOURCES.txt'
[0.292s] writing manifest file 'rbot250.egg-info/SOURCES.txt'
[0.316s] [  0%] Built target ament_cmake_python_build_rbot250_egg
[0.327s] [35m[1mScanning dependencies of target cpp_node[0m
[0.351s] [ 50%] [32mBuilding CXX object CMakeFiles/cpp_node.dir/src/cpp_node.cpp.o[0m
[0.439s] [01m[K/home/salinee/salinee_ws/src/rbot250/src/cpp_node.cpp:36:28:[m[K [01;35m[Kwarning: [m[Kmulti-character character constant [[01;35m[K-Wmultichar[m[K]
[0.440s]    36 |  message.header.frame_id = [01;35m[K'base'[m[K
[0.440s]       |                            [01;35m[K^~~~~~[m[K
[2.260s] [01m[K/home/salinee/salinee_ws/src/rbot250/src/cpp_node.cpp:[m[K In member function â€˜[01m[Kvoid MinimalPublisher::timer_callback()[m[Kâ€™:
[2.261s] [01m[K/home/salinee/salinee_ws/src/rbot250/src/cpp_node.cpp:36:28:[m[K [01;35m[Kwarning: [m[Koverflow in conversion from â€˜[01m[Kint[m[Kâ€™ to â€˜[01m[Kchar[m[Kâ€™ changes value from â€˜[01m[K1650553701[m[Kâ€™ to â€˜[01m[K'e'[m[Kâ€™ [[01;35m[K-Woverflow[m[K]
[2.261s] [01m[K/home/salinee/salinee_ws/src/rbot250/src/cpp_node.cpp:36:34:[m[K [01;31m[Kerror: [m[Kexpected â€˜[01m[K;[m[Kâ€™ before â€˜[01m[Kdo[m[Kâ€™
[2.261s]    36 |  message.header.frame_id = 'base'
[2.261s]       |                                  [01;31m[K^[m[K
[2.261s]       |                                  [32m[K;[m[K
[2.877s] make[2]: *** [CMakeFiles/cpp_node.dir/build.make:63: CMakeFiles/cpp_node.dir/src/cpp_node.cpp.o] Error 1
[2.880s] make[1]: *** [CMakeFiles/Makefile2:135: CMakeFiles/cpp_node.dir/all] Error 2
[2.881s] make: *** [Makefile:141: all] Error 2
[2.881s] Invoked command in '/home/salinee/salinee_ws/build/rbot250' returned '2': CMAKE_PREFIX_PATH=/opt/ros/rolling /usr/bin/cmake --build /home/salinee/salinee_ws/build/rbot250 -- -j1 -l1
