[0.008s] Invoking command in '/home/salinee/salinee_ws/build/rbot250': CMAKE_PREFIX_PATH=/opt/ros/rolling /usr/bin/cmake --build /home/salinee/salinee_ws/build/rbot250 -- -j1 -l1
[0.084s] [  0%] Built target ament_cmake_python_symlink_rbot250
[0.289s] running egg_info
[0.291s] writing rbot250.egg-info/PKG-INFO
[0.292s] writing dependency_links to rbot250.egg-info/dependency_links.txt
[0.292s] writing top-level names to rbot250.egg-info/top_level.txt
[0.318s] reading manifest file 'rbot250.egg-info/SOURCES.txt'
[0.319s] writing manifest file 'rbot250.egg-info/SOURCES.txt'
[0.341s] [  0%] Built target ament_cmake_python_build_rbot250_egg
[0.352s] [35m[1mScanning dependencies of target cpp_node[0m
[0.373s] [ 50%] [32mBuilding CXX object CMakeFiles/cpp_node.dir/src/cpp_node.cpp.o[0m
[2.299s] In file included from [01m[K/opt/ros/rolling/include/rclcpp/client.hpp:43[m[K,
[2.299s]                  from [01m[K/opt/ros/rolling/include/rclcpp/callback_group.hpp:23[m[K,
[2.299s]                  from [01m[K/opt/ros/rolling/include/rclcpp/any_executable.hpp:20[m[K,
[2.299s]                  from [01m[K/opt/ros/rolling/include/rclcpp/memory_strategy.hpp:25[m[K,
[2.299s]                  from [01m[K/opt/ros/rolling/include/rclcpp/memory_strategies.hpp:18[m[K,
[2.299s]                  from [01m[K/opt/ros/rolling/include/rclcpp/executor_options.hpp:20[m[K,
[2.299s]                  from [01m[K/opt/ros/rolling/include/rclcpp/executor.hpp:37[m[K,
[2.299s]                  from [01m[K/opt/ros/rolling/include/rclcpp/executors/multi_threaded_executor.hpp:25[m[K,
[2.299s]                  from [01m[K/opt/ros/rolling/include/rclcpp/executors.hpp:21[m[K,
[2.300s]                  from [01m[K/opt/ros/rolling/include/rclcpp/rclcpp.hpp:155[m[K,
[2.300s]                  from [01m[K/home/salinee/salinee_ws/src/rbot250/src/cpp_node.cpp:6[m[K:
[2.300s] [01m[K/home/salinee/salinee_ws/src/rbot250/src/cpp_node.cpp:[m[K In member function â€˜[01m[Kvoid MinimalPublisher::timer_callback()[m[Kâ€™:
[2.300s] [01m[K/home/salinee/salinee_ws/src/rbot250/src/cpp_node.cpp:37:65:[m[K [01;31m[Kerror: [m[Kinvalid use of â€˜[01m[Kgeometry_msgs::msg::TransformStamped_<std::allocator<void> >::TransformStamped_[m[Kâ€™
[2.300s]    37 |     RCLCPP_INFO(this->get_logger(), "Publishing: '%s'", message.[01;31m[KTransformStamped_[m[K.c_str());
[2.300s]       |                                                                 [01;31m[K^~~~~~~~~~~~~~~~~[m[K
[2.916s] make[2]: *** [CMakeFiles/cpp_node.dir/build.make:63: CMakeFiles/cpp_node.dir/src/cpp_node.cpp.o] Error 1
[2.919s] make[1]: *** [CMakeFiles/Makefile2:135: CMakeFiles/cpp_node.dir/all] Error 2
[2.919s] make: *** [Makefile:141: all] Error 2
[2.919s] Invoked command in '/home/salinee/salinee_ws/build/rbot250' returned '2': CMAKE_PREFIX_PATH=/opt/ros/rolling /usr/bin/cmake --build /home/salinee/salinee_ws/build/rbot250 -- -j1 -l1
