[0.008s] Invoking command in '/home/salinee/salinee_ws/build/rbot250': CMAKE_PREFIX_PATH=/opt/ros/rolling /usr/bin/cmake --build /home/salinee/salinee_ws/build/rbot250 -- -j1 -l1
[0.082s] [  0%] Built target ament_cmake_python_symlink_rbot250
[0.283s] running egg_info
[0.284s] writing rbot250.egg-info/PKG-INFO
[0.285s] writing dependency_links to rbot250.egg-info/dependency_links.txt
[0.285s] writing top-level names to rbot250.egg-info/top_level.txt
[0.310s] reading manifest file 'rbot250.egg-info/SOURCES.txt'
[0.311s] writing manifest file 'rbot250.egg-info/SOURCES.txt'
[0.329s] [  0%] Built target ament_cmake_python_build_rbot250_egg
[0.339s] [35m[1mScanning dependencies of target cpp_node[0m
[0.363s] [ 50%] [32mBuilding CXX object CMakeFiles/cpp_node.dir/src/cpp_node.cpp.o[0m
[2.294s] [01m[K/home/salinee/salinee_ws/src/rbot250/src/cpp_node.cpp:[m[K In member function â€˜[01m[Kvoid MinimalPublisher::timer_callback()[m[Kâ€™:
[2.294s] [01m[K/home/salinee/salinee_ws/src/rbot250/src/cpp_node.cpp:41:2:[m[K [01;31m[Kerror: [m[Kâ€˜[01m[Kt[m[Kâ€™ was not declared in this scope; did you mean â€˜[01m[Ktm[m[Kâ€™?
[2.294s]    41 |  [01;31m[Kt[m[K.transform.translation.x = atof(1.57);
[2.294s]       |  [01;31m[K^[m[K
[2.294s]       |  [32m[Ktm[m[K
[2.294s] [01m[K/home/salinee/salinee_ws/src/rbot250/src/cpp_node.cpp:41:35:[m[K [01;31m[Kerror: [m[Kcannot convert â€˜[01m[Kdouble[m[Kâ€™ to â€˜[01m[Kconst char*[m[Kâ€™
[2.294s]    41 |  t.transform.translation.x = atof([01;31m[K1.57[m[K);
[2.294s]       |                                   [01;31m[K^~~~[m[K
[2.295s]       |                                   [01;31m[K|[m[K
[2.295s]       |                                   [01;31m[Kdouble[m[K
[2.295s] In file included from [01m[K/usr/include/c++/9/cstdlib:75[m[K,
[2.295s]                  from [01m[K/usr/include/c++/9/ext/string_conversions.h:41[m[K,
[2.295s]                  from [01m[K/usr/include/c++/9/bits/basic_string.h:6493[m[K,
[2.295s]                  from [01m[K/usr/include/c++/9/string:55[m[K,
[2.295s]                  from [01m[K/usr/include/c++/9/stdexcept:39[m[K,
[2.295s]                  from [01m[K/usr/include/c++/9/array:39[m[K,
[2.295s]                  from [01m[K/usr/include/c++/9/tuple:39[m[K,
[2.295s]                  from [01m[K/usr/include/c++/9/functional:54[m[K,
[2.295s]                  from [01m[K/home/salinee/salinee_ws/src/rbot250/src/cpp_node.cpp:2[m[K:
[2.295s] [01m[K/usr/include/stdlib.h:101:33:[m[K [01;36m[Knote: [m[K  initializing argument 1 of â€˜[01m[Kdouble atof(const char*)[m[Kâ€™
[2.296s]   101 | extern double atof ([01;36m[Kconst char *__nptr[m[K)
[2.296s]       |                     [01;36m[K~~~~~~~~~~~~^~~~~~[m[K
[2.296s] [01m[K/home/salinee/salinee_ws/src/rbot250/src/cpp_node.cpp:42:38:[m[K [01;31m[Kerror: [m[Kcannot convert â€˜[01m[Kdouble[m[Kâ€™ to â€˜[01m[Kconst char*[m[Kâ€™
[2.296s]    42 |     t.transform.translation.y = atof([01;31m[K3.142[m[K);
[2.296s]       |                                      [01;31m[K^~~~~[m[K
[2.296s]       |                                      [01;31m[K|[m[K
[2.296s]       |                                      [01;31m[Kdouble[m[K
[2.296s] In file included from [01m[K/usr/include/c++/9/cstdlib:75[m[K,
[2.296s]                  from [01m[K/usr/include/c++/9/ext/string_conversions.h:41[m[K,
[2.296s]                  from [01m[K/usr/include/c++/9/bits/basic_string.h:6493[m[K,
[2.296s]                  from [01m[K/usr/include/c++/9/string:55[m[K,
[2.296s]                  from [01m[K/usr/include/c++/9/stdexcept:39[m[K,
[2.297s]                  from [01m[K/usr/include/c++/9/array:39[m[K,
[2.297s]                  from [01m[K/usr/include/c++/9/tuple:39[m[K,
[2.297s]                  from [01m[K/usr/include/c++/9/functional:54[m[K,
[2.297s]                  from [01m[K/home/salinee/salinee_ws/src/rbot250/src/cpp_node.cpp:2[m[K:
[2.297s] [01m[K/usr/include/stdlib.h:101:33:[m[K [01;36m[Knote: [m[K  initializing argument 1 of â€˜[01m[Kdouble atof(const char*)[m[Kâ€™
[2.297s]   101 | extern double atof ([01;36m[Kconst char *__nptr[m[K)
[2.297s]       |                     [01;36m[K~~~~~~~~~~~~^~~~~~[m[K
[2.297s] [01m[K/home/salinee/salinee_ws/src/rbot250/src/cpp_node.cpp:43:47:[m[K [01;31m[Kerror: [m[Kcannot convert â€˜[01m[Kdouble[m[Kâ€™ to â€˜[01m[Kconst char*[m[Kâ€™
[2.298s]    43 |     t.transform.translation.z = atof([01;31m[K-2 * M_PI/3[m[K);
[2.298s]       |                                      [01;31m[K~~~~~~~~~^~[m[K
[2.298s]       |                                               [01;31m[K|[m[K
[2.298s]       |                                               [01;31m[Kdouble[m[K
[2.298s] In file included from [01m[K/usr/include/c++/9/cstdlib:75[m[K,
[2.298s]                  from [01m[K/usr/include/c++/9/ext/string_conversions.h:41[m[K,
[2.298s]                  from [01m[K/usr/include/c++/9/bits/basic_string.h:6493[m[K,
[2.298s]                  from [01m[K/usr/include/c++/9/string:55[m[K,
[2.298s]                  from [01m[K/usr/include/c++/9/stdexcept:39[m[K,
[2.298s]                  from [01m[K/usr/include/c++/9/array:39[m[K,
[2.298s]                  from [01m[K/usr/include/c++/9/tuple:39[m[K,
[2.299s]                  from [01m[K/usr/include/c++/9/functional:54[m[K,
[2.299s]                  from [01m[K/home/salinee/salinee_ws/src/rbot250/src/cpp_node.cpp:2[m[K:
[2.299s] [01m[K/usr/include/stdlib.h:101:33:[m[K [01;36m[Knote: [m[K  initializing argument 1 of â€˜[01m[Kdouble atof(const char*)[m[Kâ€™
[2.299s]   101 | extern double atof ([01;36m[Kconst char *__nptr[m[K)
[2.299s]       |                     [01;36m[K~~~~~~~~~~~~^~~~~~[m[K
[2.309s] [01m[K/home/salinee/salinee_ws/src/rbot250/src/cpp_node.cpp:46:12:[m[K [01;31m[Kerror: [m[Kcannot convert â€˜[01m[Kdouble[m[Kâ€™ to â€˜[01m[Kconst char*[m[Kâ€™
[2.309s]    46 |       atof([01;31m[K.123[m[K),
[2.309s]       |            [01;31m[K^~~~[m[K
[2.309s]       |            [01;31m[K|[m[K
[2.309s]       |            [01;31m[Kdouble[m[K
[2.309s] In file included from [01m[K/usr/include/c++/9/cstdlib:75[m[K,
[2.309s]                  from [01m[K/usr/include/c++/9/ext/string_conversions.h:41[m[K,
[2.309s]                  from [01m[K/usr/include/c++/9/bits/basic_string.h:6493[m[K,
[2.309s]                  from [01m[K/usr/include/c++/9/string:55[m[K,
[2.309s]                  from [01m[K/usr/include/c++/9/stdexcept:39[m[K,
[2.309s]                  from [01m[K/usr/include/c++/9/array:39[m[K,
[2.309s]                  from [01m[K/usr/include/c++/9/tuple:39[m[K,
[2.309s]                  from [01m[K/usr/include/c++/9/functional:54[m[K,
[2.309s]                  from [01m[K/home/salinee/salinee_ws/src/rbot250/src/cpp_node.cpp:2[m[K:
[2.309s] [01m[K/usr/include/stdlib.h:101:33:[m[K [01;36m[Knote: [m[K  initializing argument 1 of â€˜[01m[Kdouble atof(const char*)[m[Kâ€™
[2.309s]   101 | extern double atof ([01;36m[Kconst char *__nptr[m[K)
[2.310s]       |                     [01;36m[K~~~~~~~~~~~~^~~~~~[m[K
[2.310s] [01m[K/home/salinee/salinee_ws/src/rbot250/src/cpp_node.cpp:47:12:[m[K [01;31m[Kerror: [m[Kcannot convert â€˜[01m[Kdouble[m[Kâ€™ to â€˜[01m[Kconst char*[m[Kâ€™
[2.310s]    47 |       atof([01;31m[K1.57[m[K),
[2.310s]       |            [01;31m[K^~~~[m[K
[2.310s]       |            [01;31m[K|[m[K
[2.310s]       |            [01;31m[Kdouble[m[K
[2.310s] In file included from [01m[K/usr/include/c++/9/cstdlib:75[m[K,
[2.310s]                  from [01m[K/usr/include/c++/9/ext/string_conversions.h:41[m[K,
[2.310s]                  from [01m[K/usr/include/c++/9/bits/basic_string.h:6493[m[K,
[2.310s]                  from [01m[K/usr/include/c++/9/string:55[m[K,
[2.310s]                  from [01m[K/usr/include/c++/9/stdexcept:39[m[K,
[2.310s]                  from [01m[K/usr/include/c++/9/array:39[m[K,
[2.310s]                  from [01m[K/usr/include/c++/9/tuple:39[m[K,
[2.310s]                  from [01m[K/usr/include/c++/9/functional:54[m[K,
[2.310s]                  from [01m[K/home/salinee/salinee_ws/src/rbot250/src/cpp_node.cpp:2[m[K:
[2.310s] [01m[K/usr/include/stdlib.h:101:33:[m[K [01;36m[Knote: [m[K  initializing argument 1 of â€˜[01m[Kdouble atof(const char*)[m[Kâ€™
[2.310s]   101 | extern double atof ([01;36m[Kconst char *__nptr[m[K)
[2.310s]       |                     [01;36m[K~~~~~~~~~~~~^~~~~~[m[K
[2.310s] [01m[K/home/salinee/salinee_ws/src/rbot250/src/cpp_node.cpp:48:20:[m[K [01;31m[Kerror: [m[Kcannot convert â€˜[01m[Kdouble[m[Kâ€™ to â€˜[01m[Kconst char*[m[Kâ€™
[2.310s]    48 |       atof([01;31m[K5.0*M_PI/3[m[K));
[2.310s]       |            [01;31m[K~~~~~~~~^~[m[K
[2.310s]       |                    [01;31m[K|[m[K
[2.310s]       |                    [01;31m[Kdouble[m[K
[2.311s] In file included from [01m[K/usr/include/c++/9/cstdlib:75[m[K,
[2.311s]                  from [01m[K/usr/include/c++/9/ext/string_conversions.h:41[m[K,
[2.311s]                  from [01m[K/usr/include/c++/9/bits/basic_string.h:6493[m[K,
[2.311s]                  from [01m[K/usr/include/c++/9/string:55[m[K,
[2.311s]                  from [01m[K/usr/include/c++/9/stdexcept:39[m[K,
[2.311s]                  from [01m[K/usr/include/c++/9/array:39[m[K,
[2.311s]                  from [01m[K/usr/include/c++/9/tuple:39[m[K,
[2.311s]                  from [01m[K/usr/include/c++/9/functional:54[m[K,
[2.311s]                  from [01m[K/home/salinee/salinee_ws/src/rbot250/src/cpp_node.cpp:2[m[K:
[2.311s] [01m[K/usr/include/stdlib.h:101:33:[m[K [01;36m[Knote: [m[K  initializing argument 1 of â€˜[01m[Kdouble atof(const char*)[m[Kâ€™
[2.311s]   101 | extern double atof ([01;36m[Kconst char *__nptr[m[K)
[2.311s]       |                     [01;36m[K~~~~~~~~~~~~^~~~~~[m[K
[2.917s] make[2]: *** [CMakeFiles/cpp_node.dir/build.make:63: CMakeFiles/cpp_node.dir/src/cpp_node.cpp.o] Error 1
[2.921s] make[1]: *** [CMakeFiles/Makefile2:135: CMakeFiles/cpp_node.dir/all] Error 2
[2.921s] make: *** [Makefile:141: all] Error 2
[2.922s] Invoked command in '/home/salinee/salinee_ws/build/rbot250' returned '2': CMAKE_PREFIX_PATH=/opt/ros/rolling /usr/bin/cmake --build /home/salinee/salinee_ws/build/rbot250 -- -j1 -l1
