[0.008s] Invoking command in '/home/salinee/salinee_ws/build/rbot250': CMAKE_PREFIX_PATH=/opt/ros/rolling /usr/bin/cmake --build /home/salinee/salinee_ws/build/rbot250 -- -j1 -l1
[0.082s] [  0%] Built target ament_cmake_python_symlink_rbot250
[0.285s] running egg_info
[0.285s] writing rbot250.egg-info/PKG-INFO
[0.286s] writing dependency_links to rbot250.egg-info/dependency_links.txt
[0.287s] writing top-level names to rbot250.egg-info/top_level.txt
[0.312s] reading manifest file 'rbot250.egg-info/SOURCES.txt'
[0.313s] writing manifest file 'rbot250.egg-info/SOURCES.txt'
[0.332s] [  0%] Built target ament_cmake_python_build_rbot250_egg
[0.344s] [35m[1mScanning dependencies of target cpp_node[0m
[0.368s] [ 50%] [32mBuilding CXX object CMakeFiles/cpp_node.dir/src/cpp_node.cpp.o[0m
[2.293s] [01m[K/home/salinee/salinee_ws/src/rbot250/src/cpp_node.cpp:[m[K In member function â€˜[01m[Kvoid MinimalPublisher::timer_callback()[m[Kâ€™:
[2.293s] [01m[K/home/salinee/salinee_ws/src/rbot250/src/cpp_node.cpp:42:5:[m[K [01;31m[Kerror: [m[Kâ€˜[01m[Kmessagetransform[m[Kâ€™ was not declared in this scope
[2.293s]    42 |     [01;31m[Kmessagetransform[m[K.translation.y = 3.142;
[2.293s]       |     [01;31m[K^~~~~~~~~~~~~~~~[m[K
[2.918s] make[2]: *** [CMakeFiles/cpp_node.dir/build.make:63: CMakeFiles/cpp_node.dir/src/cpp_node.cpp.o] Error 1
[2.921s] make[1]: *** [CMakeFiles/Makefile2:135: CMakeFiles/cpp_node.dir/all] Error 2
[2.922s] make: *** [Makefile:141: all] Error 2
[2.922s] Invoked command in '/home/salinee/salinee_ws/build/rbot250' returned '2': CMAKE_PREFIX_PATH=/opt/ros/rolling /usr/bin/cmake --build /home/salinee/salinee_ws/build/rbot250 -- -j1 -l1
