[0.007s] Invoking command in '/home/salinee/salinee_ws/build/rbot250': CMAKE_PREFIX_PATH=/opt/ros/rolling /usr/bin/cmake --build /home/salinee/salinee_ws/build/rbot250 -- -j1 -l1
[0.082s] [  0%] Built target ament_cmake_python_symlink_rbot250
[0.287s] running egg_info
[0.287s] writing rbot250.egg-info/PKG-INFO
[0.288s] writing dependency_links to rbot250.egg-info/dependency_links.txt
[0.289s] writing top-level names to rbot250.egg-info/top_level.txt
[0.313s] reading manifest file 'rbot250.egg-info/SOURCES.txt'
[0.314s] writing manifest file 'rbot250.egg-info/SOURCES.txt'
[0.337s] [  0%] Built target ament_cmake_python_build_rbot250_egg
[0.348s] [35m[1mScanning dependencies of target cpp_node[0m
[0.370s] [ 50%] [32mBuilding CXX object CMakeFiles/cpp_node.dir/src/cpp_node.cpp.o[0m
[2.269s] [01m[K/home/salinee/salinee_ws/src/rbot250/src/cpp_node.cpp:[m[K In member function â€˜[01m[Kvoid MinimalPublisher::timer_callback()[m[Kâ€™:
[2.269s] [01m[K/home/salinee/salinee_ws/src/rbot250/src/cpp_node.cpp:41:2:[m[K [01;31m[Kerror: [m[Kâ€˜[01m[Kt[m[Kâ€™ was not declared in this scope; did you mean â€˜[01m[Ktm[m[Kâ€™?
[2.270s]    41 |  [01;31m[Kt[m[K.transform.translation.x = atof(1.57);
[2.270s]       |  [01;31m[K^[m[K
[2.273s]       |  [32m[Ktm[m[K
[2.273s] [01m[K/home/salinee/salinee_ws/src/rbot250/src/cpp_node.cpp:41:35:[m[K [01;31m[Kerror: [m[Kcannot convert â€˜[01m[Kdouble[m[Kâ€™ to â€˜[01m[Kconst char*[m[Kâ€™
[2.273s]    41 |  t.transform.translation.x = atof([01;31m[K1.57[m[K);
[2.273s]       |                                   [01;31m[K^~~~[m[K
[2.273s]       |                                   [01;31m[K|[m[K
[2.273s]       |                                   [01;31m[Kdouble[m[K
[2.273s] In file included from [01m[K/usr/include/c++/9/cstdlib:75[m[K,
[2.273s]                  from [01m[K/usr/include/c++/9/ext/string_conversions.h:41[m[K,
[2.273s]                  from [01m[K/usr/include/c++/9/bits/basic_string.h:6493[m[K,
[2.274s]                  from [01m[K/usr/include/c++/9/string:55[m[K,
[2.274s]                  from [01m[K/usr/include/c++/9/stdexcept:39[m[K,
[2.274s]                  from [01m[K/usr/include/c++/9/array:39[m[K,
[2.274s]                  from [01m[K/usr/include/c++/9/tuple:39[m[K,
[2.274s]                  from [01m[K/usr/include/c++/9/functional:54[m[K,
[2.274s]                  from [01m[K/home/salinee/salinee_ws/src/rbot250/src/cpp_node.cpp:2[m[K:
[2.274s] [01m[K/usr/include/stdlib.h:101:33:[m[K [01;36m[Knote: [m[K  initializing argument 1 of â€˜[01m[Kdouble atof(const char*)[m[Kâ€™
[2.274s]   101 | extern double atof ([01;36m[Kconst char *__nptr[m[K)
[2.274s]       |                     [01;36m[K~~~~~~~~~~~~^~~~~~[m[K
[2.274s] [01m[K/home/salinee/salinee_ws/src/rbot250/src/cpp_node.cpp:42:38:[m[K [01;31m[Kerror: [m[Kcannot convert â€˜[01m[Kdouble[m[Kâ€™ to â€˜[01m[Kconst char*[m[Kâ€™
[2.274s]    42 |     t.transform.translation.y = atof([01;31m[K3.142[m[K);
[2.274s]       |                                      [01;31m[K^~~~~[m[K
[2.275s]       |                                      [01;31m[K|[m[K
[2.275s]       |                                      [01;31m[Kdouble[m[K
[2.275s] In file included from [01m[K/usr/include/c++/9/cstdlib:75[m[K,
[2.275s]                  from [01m[K/usr/include/c++/9/ext/string_conversions.h:41[m[K,
[2.275s]                  from [01m[K/usr/include/c++/9/bits/basic_string.h:6493[m[K,
[2.275s]                  from [01m[K/usr/include/c++/9/string:55[m[K,
[2.275s]                  from [01m[K/usr/include/c++/9/stdexcept:39[m[K,
[2.275s]                  from [01m[K/usr/include/c++/9/array:39[m[K,
[2.275s]                  from [01m[K/usr/include/c++/9/tuple:39[m[K,
[2.275s]                  from [01m[K/usr/include/c++/9/functional:54[m[K,
[2.275s]                  from [01m[K/home/salinee/salinee_ws/src/rbot250/src/cpp_node.cpp:2[m[K:
[2.275s] [01m[K/usr/include/stdlib.h:101:33:[m[K [01;36m[Knote: [m[K  initializing argument 1 of â€˜[01m[Kdouble atof(const char*)[m[Kâ€™
[2.276s]   101 | extern double atof ([01;36m[Kconst char *__nptr[m[K)
[2.276s]       |                     [01;36m[K~~~~~~~~~~~~^~~~~~[m[K
[2.277s] [01m[K/home/salinee/salinee_ws/src/rbot250/src/cpp_node.cpp:43:43:[m[K [01;31m[Kerror: [m[Kâ€˜[01m[KM_Pi[m[Kâ€™ was not declared in this scope; did you mean â€˜[01m[KM_PI[m[Kâ€™?
[2.277s]    43 |     t.transform.translation.z = atof(-2 * [01;31m[KM_Pi[m[K/3);
[2.277s]       |                                           [01;31m[K^~~~[m[K
[2.277s]       |                                           [32m[KM_PI[m[K
[2.277s] [01m[K/home/salinee/salinee_ws/src/rbot250/src/cpp_node.cpp:46:12:[m[K [01;31m[Kerror: [m[Kcannot convert â€˜[01m[Kdouble[m[Kâ€™ to â€˜[01m[Kconst char*[m[Kâ€™
[2.277s]    46 |       atof([01;31m[K0.123[m[K),
[2.277s]       |            [01;31m[K^~~~~[m[K
[2.277s]       |            [01;31m[K|[m[K
[2.278s]       |            [01;31m[Kdouble[m[K
[2.278s] In file included from [01m[K/usr/include/c++/9/cstdlib:75[m[K,
[2.278s]                  from [01m[K/usr/include/c++/9/ext/string_conversions.h:41[m[K,
[2.278s]                  from [01m[K/usr/include/c++/9/bits/basic_string.h:6493[m[K,
[2.278s]                  from [01m[K/usr/include/c++/9/string:55[m[K,
[2.278s]                  from [01m[K/usr/include/c++/9/stdexcept:39[m[K,
[2.278s]                  from [01m[K/usr/include/c++/9/array:39[m[K,
[2.278s]                  from [01m[K/usr/include/c++/9/tuple:39[m[K,
[2.278s]                  from [01m[K/usr/include/c++/9/functional:54[m[K,
[2.278s]                  from [01m[K/home/salinee/salinee_ws/src/rbot250/src/cpp_node.cpp:2[m[K:
[2.278s] [01m[K/usr/include/stdlib.h:101:33:[m[K [01;36m[Knote: [m[K  initializing argument 1 of â€˜[01m[Kdouble atof(const char*)[m[Kâ€™
[2.278s]   101 | extern double atof ([01;36m[Kconst char *__nptr[m[K)
[2.279s]       |                     [01;36m[K~~~~~~~~~~~~^~~~~~[m[K
[2.279s] [01m[K/home/salinee/salinee_ws/src/rbot250/src/cpp_node.cpp:47:12:[m[K [01;31m[Kerror: [m[Kcannot convert â€˜[01m[Kdouble[m[Kâ€™ to â€˜[01m[Kconst char*[m[Kâ€™
[2.279s]    47 |       atof([01;31m[K1.57[m[K),
[2.279s]       |            [01;31m[K^~~~[m[K
[2.279s]       |            [01;31m[K|[m[K
[2.279s]       |            [01;31m[Kdouble[m[K
[2.279s] In file included from [01m[K/usr/include/c++/9/cstdlib:75[m[K,
[2.279s]                  from [01m[K/usr/include/c++/9/ext/string_conversions.h:41[m[K,
[2.279s]                  from [01m[K/usr/include/c++/9/bits/basic_string.h:6493[m[K,
[2.279s]                  from [01m[K/usr/include/c++/9/string:55[m[K,
[2.279s]                  from [01m[K/usr/include/c++/9/stdexcept:39[m[K,
[2.280s]                  from [01m[K/usr/include/c++/9/array:39[m[K,
[2.280s]                  from [01m[K/usr/include/c++/9/tuple:39[m[K,
[2.280s]                  from [01m[K/usr/include/c++/9/functional:54[m[K,
[2.280s]                  from [01m[K/home/salinee/salinee_ws/src/rbot250/src/cpp_node.cpp:2[m[K:
[2.280s] [01m[K/usr/include/stdlib.h:101:33:[m[K [01;36m[Knote: [m[K  initializing argument 1 of â€˜[01m[Kdouble atof(const char*)[m[Kâ€™
[2.280s]   101 | extern double atof ([01;36m[Kconst char *__nptr[m[K)
[2.280s]       |                     [01;36m[K~~~~~~~~~~~~^~~~~~[m[K
[2.280s] [01m[K/home/salinee/salinee_ws/src/rbot250/src/cpp_node.cpp:48:18:[m[K [01;31m[Kerror: [m[Kcannot convert â€˜[01m[Kdouble[m[Kâ€™ to â€˜[01m[Kconst char*[m[Kâ€™
[2.280s]    48 |       atof([01;31m[K5*M_PI/6[m[K),
[2.280s]       |            [01;31m[K~~~~~~^~[m[K
[2.281s]       |                  [01;31m[K|[m[K
[2.281s]       |                  [01;31m[Kdouble[m[K
[2.281s] In file included from [01m[K/usr/include/c++/9/cstdlib:75[m[K,
[2.281s]                  from [01m[K/usr/include/c++/9/ext/string_conversions.h:41[m[K,
[2.281s]                  from [01m[K/usr/include/c++/9/bits/basic_string.h:6493[m[K,
[2.281s]                  from [01m[K/usr/include/c++/9/string:55[m[K,
[2.281s]                  from [01m[K/usr/include/c++/9/stdexcept:39[m[K,
[2.281s]                  from [01m[K/usr/include/c++/9/array:39[m[K,
[2.281s]                  from [01m[K/usr/include/c++/9/tuple:39[m[K,
[2.282s]                  from [01m[K/usr/include/c++/9/functional:54[m[K,
[2.282s]                  from [01m[K/home/salinee/salinee_ws/src/rbot250/src/cpp_node.cpp:2[m[K:
[2.282s] [01m[K/usr/include/stdlib.h:101:33:[m[K [01;36m[Knote: [m[K  initializing argument 1 of â€˜[01m[Kdouble atof(const char*)[m[Kâ€™
[2.282s]   101 | extern double atof ([01;36m[Kconst char *__nptr[m[K)
[2.292s]       |                     [01;36m[K~~~~~~~~~~~~^~~~~~[m[K
[2.292s] [01m[K/home/salinee/salinee_ws/src/rbot250/src/cpp_node.cpp:49:9:[m[K [01;31m[Kerror: [m[Kcannot convert â€˜[01m[Kdouble[m[Kâ€™ to â€˜[01m[Kconst char*[m[Kâ€™
[2.292s]    49 |    atof([01;31m[K1.0[m[K));
[2.292s]       |         [01;31m[K^~~[m[K
[2.292s]       |         [01;31m[K|[m[K
[2.292s]       |         [01;31m[Kdouble[m[K
[2.292s] In file included from [01m[K/usr/include/c++/9/cstdlib:75[m[K,
[2.292s]                  from [01m[K/usr/include/c++/9/ext/string_conversions.h:41[m[K,
[2.292s]                  from [01m[K/usr/include/c++/9/bits/basic_string.h:6493[m[K,
[2.292s]                  from [01m[K/usr/include/c++/9/string:55[m[K,
[2.292s]                  from [01m[K/usr/include/c++/9/stdexcept:39[m[K,
[2.292s]                  from [01m[K/usr/include/c++/9/array:39[m[K,
[2.292s]                  from [01m[K/usr/include/c++/9/tuple:39[m[K,
[2.292s]                  from [01m[K/usr/include/c++/9/functional:54[m[K,
[2.292s]                  from [01m[K/home/salinee/salinee_ws/src/rbot250/src/cpp_node.cpp:2[m[K:
[2.292s] [01m[K/usr/include/stdlib.h:101:33:[m[K [01;36m[Knote: [m[K  initializing argument 1 of â€˜[01m[Kdouble atof(const char*)[m[Kâ€™
[2.292s]   101 | extern double atof ([01;36m[Kconst char *__nptr[m[K)
[2.292s]       |                     [01;36m[K~~~~~~~~~~~~^~~~~~[m[K
[2.891s] make[2]: *** [CMakeFiles/cpp_node.dir/build.make:63: CMakeFiles/cpp_node.dir/src/cpp_node.cpp.o] Error 1
[2.894s] make[1]: *** [CMakeFiles/Makefile2:135: CMakeFiles/cpp_node.dir/all] Error 2
[2.894s] make: *** [Makefile:141: all] Error 2
[2.895s] Invoked command in '/home/salinee/salinee_ws/build/rbot250' returned '2': CMAKE_PREFIX_PATH=/opt/ros/rolling /usr/bin/cmake --build /home/salinee/salinee_ws/build/rbot250 -- -j1 -l1
